This file contains any messages produced by compilers while
running configure, to aid debugging if configure makes a mistake.

configure:532: checking for uname
configure:608: checking for gcc
configure:721: checking whether the C compiler (gcc  ) works
configure:737: gcc -o conftest    conftest.c  1>&5
configure:763: checking whether the C compiler (gcc  ) is a cross-compiler
configure:768: checking whether we are using GNU C
configure:777: gcc -E conftest.c
configure:796: checking whether gcc accepts -g
configure:833: checking for f77
configure:892: checking for ranlib
configure:921: checking how to run the C preprocessor
configure:942: gcc -E  conftest.c >/dev/null 2>conftest.out
configure:1004: checking for stdlib.h
configure:1014: gcc -E  conftest.c >/dev/null 2>conftest.out
configure:1004: checking for string.h
configure:1014: gcc -E  conftest.c >/dev/null 2>conftest.out
configure:1004: checking for math.h
configure:1014: gcc -E  conftest.c >/dev/null 2>conftest.out
configure:1004: checking for limits.h
configure:1014: gcc -E  conftest.c >/dev/null 2>conftest.out
configure:1049: gcc -c -g -O2  conftest.c 1>&5
configure:1217: checking whether ftruncate works
configure:1229: gcc -o conftest -g -O2 -Dg77Fortran -fPIC   conftest.c  1>&5
configure:1251: checking whether long long is defined
configure:1263: gcc -c -g -O2 -Dg77Fortran -fPIC  conftest.c 1>&5
configure:1293: checking whether system V style IPC services are supported
configure:1310: gcc -o conftest -g -O2 -Dg77Fortran -fPIC   conftest.c  1>&5
configure:1335: checking do we have flock_t defined
configure:1347: gcc -c -g -O2 -Dg77Fortran -fPIC  conftest.c 1>&5
configure: In function `main':
configure:1342: `flock_t' undeclared (first use in this function)
configure:1342: (Each undeclared identifier is reported only once
configure:1342: for each function it appears in.)
configure:1342: parse error before `filler'
configure: failed program was:
#line 1337 "configure"
#include "confdefs.h"
#include <sys/fcntl.h>

int main() {

flock_t filler;

; return 0; }
configure:1371: checking do we have union semun defined
configure:1385: gcc -c -g -O2 -Dg77Fortran -fPIC  conftest.c 1>&5
configure: In function `main':
configure:1380: storage size of `filler' isn't known
configure: failed program was:
#line 1373 "configure"
#include "confdefs.h"
#include <sys/ipc.h>
#include <sys/shm.h>
#include <sys/sem.h>

int main() {

union semun filler;

; return 0; }
configure:1424: checking for connect
configure:1452: gcc -o conftest -g -O2 -Dg77Fortran -fPIC   conftest.c  1>&5
configure:1565: checking for gethostbyname
configure:1593: gcc -o conftest -g -O2 -Dg77Fortran -fPIC   conftest.c  1>&5
